Determining if the pthread_create exist failed with the following output:
Change Dir: /home/misterdortnal/CLionProjects/Inanna/cmake-build-debug/CMakeFiles/CMakeTmp

Run Build Command:"/usr/bin/make" "cmTC_9cc47/fast"
/usr/bin/make -f CMakeFiles/cmTC_9cc47.dir/build.make CMakeFiles/cmTC_9cc47.dir/build
make[1]: Entering directory '/home/misterdortnal/CLionProjects/Inanna/cmake-build-debug/CMakeFiles/CMakeTmp'
Building C object CMakeFiles/cmTC_9cc47.dir/CheckSymbolExists.c.o
/usr/bin/cc    -o CMakeFiles/cmTC_9cc47.dir/CheckSymbolExists.c.o   -c /home/misterdortnal/CLionProjects/Inanna/cmake-build-debug/CMakeFiles/CMakeTmp/CheckSymbolExists.c
Linking C executable cmTC_9cc47
/home/misterdortnal/Programs/clion-2018.2.6/bin/cmake/linux/bin/cmake -E cmake_link_script CMakeFiles/cmTC_9cc47.dir/link.txt --verbose=1
/usr/bin/cc      CMakeFiles/cmTC_9cc47.dir/CheckSymbolExists.c.o  -o cmTC_9cc47 
CMakeFiles/cmTC_9cc47.dir/CheckSymbolExists.c.o: In function `main':
CheckSymbolExists.c:(.text+0x1b): undefined reference to `pthread_create'
collect2: error: ld returned 1 exit status
CMakeFiles/cmTC_9cc47.dir/build.make:86: recipe for target 'cmTC_9cc47' failed
make[1]: *** [cmTC_9cc47] Error 1
make[1]: Leaving directory '/home/misterdortnal/CLionProjects/Inanna/cmake-build-debug/CMakeFiles/CMakeTmp'
Makefile:121: recipe for target 'cmTC_9cc47/fast' failed
make: *** [cmTC_9cc47/fast] Error 2

File /home/misterdortnal/CLionProjects/Inanna/cmake-build-debug/CMakeFiles/CMakeTmp/CheckSymbolExists.c:
/* */
#include <pthread.h>

int main(int argc, char** argv)
{
  (void)argv;
#ifndef pthread_create
  return ((int*)(&pthread_create))[argc];
#else
  (void)argc;
  return 0;
#endif
}

Determining if the function pthread_create exists in the pthreads failed with the following output:
Change Dir: /home/misterdortnal/CLionProjects/Inanna/cmake-build-debug/CMakeFiles/CMakeTmp

Run Build Command:"/usr/bin/make" "cmTC_d3a29/fast"
/usr/bin/make -f CMakeFiles/cmTC_d3a29.dir/build.make CMakeFiles/cmTC_d3a29.dir/build
make[1]: Entering directory '/home/misterdortnal/CLionProjects/Inanna/cmake-build-debug/CMakeFiles/CMakeTmp'
Building C object CMakeFiles/cmTC_d3a29.dir/CheckFunctionExists.c.o
/usr/bin/cc   -DCHECK_FUNCTION_EXISTS=pthread_create   -o CMakeFiles/cmTC_d3a29.dir/CheckFunctionExists.c.o   -c /home/misterdortnal/Programs/clion-2018.2.6/bin/cmake/linux/share/cmake-3.12/Modules/CheckFunctionExists.c
Linking C executable cmTC_d3a29
/home/misterdortnal/Programs/clion-2018.2.6/bin/cmake/linux/bin/cmake -E cmake_link_script CMakeFiles/cmTC_d3a29.dir/link.txt --verbose=1
/usr/bin/cc  -DCHECK_FUNCTION_EXISTS=pthread_create    CMakeFiles/cmTC_d3a29.dir/CheckFunctionExists.c.o  -o cmTC_d3a29 -lpthreads 
/usr/bin/ld: cannot find -lpthreads
collect2: error: ld returned 1 exit status
CMakeFiles/cmTC_d3a29.dir/build.make:86: recipe for target 'cmTC_d3a29' failed
make[1]: *** [cmTC_d3a29] Error 1
make[1]: Leaving directory '/home/misterdortnal/CLionProjects/Inanna/cmake-build-debug/CMakeFiles/CMakeTmp'
Makefile:121: recipe for target 'cmTC_d3a29/fast' failed
make: *** [cmTC_d3a29/fast] Error 2


